2026-04-21 15:14:09.822 | INFO     | __main__:main:101 - Starting SIPaKMeD dataset process using config: configs/config.yaml
2026-04-21 15:14:09.825 | INFO     | __main__:main:121 - Found local archive for Superficial_Intermediate: D:\C_Research works\Rupa\WCB-OT\Datasets\im_Superficial-Intermediate.7z
2026-04-21 15:14:16.461 | INFO     | __main__:main:137 - Computing checksum for im_Superficial-Intermediate.7z...
2026-04-21 15:14:21.296 | INFO     | __main__:main:141 - Extracting im_Superficial-Intermediate.7z to data\raw\sipakmed\Superficial_Intermediate...
2026-04-21 15:15:56.058 | WARNING  | __main__:main:153 - Count mismatch for Superficial_Intermediate: Found 957, expected 1200
2026-04-21 15:15:56.059 | INFO     | __main__:main:121 - Found local archive for Parabasal: D:\C_Research works\Rupa\WCB-OT\Datasets\im_Parabasal.7z
2026-04-21 15:15:57.145 | INFO     | __main__:main:137 - Computing checksum for im_Parabasal.7z...
2026-04-21 15:15:58.119 | INFO     | __main__:main:141 - Extracting im_Parabasal.7z to data\raw\sipakmed\Parabasal...
2026-04-21 15:16:59.549 | WARNING  | __main__:main:153 - Count mismatch for Parabasal: Found 895, expected 1150
2026-04-21 15:16:59.549 | INFO     | __main__:main:121 - Found local archive for Koilocytotic: D:\C_Research works\Rupa\WCB-OT\Datasets\im_Koilocytotic.7z
2026-04-21 15:17:01.979 | INFO     | __main__:main:137 - Computing checksum for im_Koilocytotic.7z...
2026-04-21 15:17:03.826 | INFO     | __main__:main:141 - Extracting im_Koilocytotic.7z to data\raw\sipakmed\Koilocytotic...
2026-04-21 15:19:16.691 | WARNING  | __main__:main:153 - Count mismatch for Koilocytotic: Found 1063, expected 950
2026-04-21 15:19:16.692 | INFO     | __main__:main:121 - Found local archive for Dyskeratotic: D:\C_Research works\Rupa\WCB-OT\Datasets\im_Dyskeratotic.7z
2026-04-21 15:19:35.556 | INFO     | __main__:main:137 - Computing checksum for im_Dyskeratotic.7z...
2026-04-21 15:19:38.379 | INFO     | __main__:main:141 - Extracting im_Dyskeratotic.7z to data\raw\sipakmed\Dyskeratotic...
2026-04-21 15:22:05.201 | WARNING  | __main__:main:153 - Count mismatch for Dyskeratotic: Found 1036, expected 450
2026-04-21 15:22:05.202 | INFO     | __main__:main:121 - Found local archive for Metaplastic: D:\C_Research works\Rupa\WCB-OT\Datasets\im_Metaplastic.7z
2026-04-21 15:22:25.762 | INFO     | __main__:main:137 - Computing checksum for im_Metaplastic.7z...
2026-04-21 15:22:33.725 | INFO     | __main__:main:141 - Extracting im_Metaplastic.7z to data\raw\sipakmed\Metaplastic...
2026-04-21 15:24:13.361 | WARNING  | __main__:main:153 - Count mismatch for Metaplastic: Found 1064, expected 299
2026-04-21 15:24:13.362 | INFO     | __main__:main:167 - Dataset download and extraction complete.
